d:\my_c_files\sse_vectorised_functions\sse_vectorised_functions\release\vc142.pdb
d:\my_c_files\sse_vectorised_functions\sse_vectorised_functions\release\stdafx.obj
d:\my_c_files\sse_vectorised_functions\sse_vectorised_functions\release\main.obj
d:\my_c_files\sse_vectorised_functions\sse_vectorised_functions\release\sse_vectorised_functions.exe
d:\my_c_files\sse_vectorised_functions\sse_vectorised_functions\release\sse_vectorised_functions.pdb
d:\my_c_files\sse_vectorised_functions\sse_vectorised_functions\release\sse_vectorised_functions.ipdb
d:\my_c_files\sse_vectorised_functions\sse_vectorised_functions\release\sse_vectorised_functions.iobj
d:\my_c_files\sse_vectorised_functions\sse_vectorised_functions\release\sse_vectorised_functions_tests.ipdb
d:\my_c_files\sse_vectorised_functions\sse_vectorised_functions\release\sse_vectorised_functions_tests.iobj
d:\my_c_files\sse_vectorised_functions\sse_vectorised_functions\release\basic_functions_.obj
d:\my_c_files\sse_vectorised_functions\sse_vectorised_functions\release\basic_operations_.obj
d:\my_c_files\sse_vectorised_functions\sse_vectorised_functions\release\exp_fast_functions_.obj
d:\my_c_files\sse_vectorised_functions\sse_vectorised_functions\release\exp_functions_.obj
d:\my_c_files\sse_vectorised_functions\sse_vectorised_functions\release\log_functions_.obj
d:\my_c_files\sse_vectorised_functions\sse_vectorised_functions\release\normal_dist_functions_.obj
d:\my_c_files\sse_vectorised_functions\sse_vectorised_functions\release\operators_.obj
d:\my_c_files\sse_vectorised_functions\sse_vectorised_functions\release\special_functions_.obj
d:\my_c_files\sse_vectorised_functions\sse_vectorised_functions\release\trig_functions_.obj
d:\my_c_files\sse_vectorised_functions\sse_vectorised_functions\release\sse_vectorised_functions_lib.ipdb
d:\my_c_files\sse_vectorised_functions\sse_vectorised_functions\release\sse_vectorised_functions_lib.iobj
d:\my_c_files\sse_vectorised_functions\sse_vectorised_functions\release\sse_vectorised_functions_lib.exp
d:\my_c_files\sse_vectorised_functions\sse_vectorised_functions\release\sse_vectorised_functions_lib.pdb
d:\my_c_files\sse_vectorised_functions\sse_vectorised_functions\release\sse_vect.eaa192e0.tlog\cl.command.1.tlog
d:\my_c_files\sse_vectorised_functions\sse_vectorised_functions\release\sse_vect.eaa192e0.tlog\cl.write.1.tlog
d:\my_c_files\sse_vectorised_functions\sse_vectorised_functions\release\sse_vect.eaa192e0.tlog\link.command.1.tlog
d:\my_c_files\sse_vectorised_functions\sse_vectorised_functions\release\sse_vect.eaa192e0.tlog\link.read.1.tlog
d:\my_c_files\sse_vectorised_functions\sse_vectorised_functions\release\sse_vect.eaa192e0.tlog\link.write.1.tlog
d:\my_c_files\sse_vectorised_functions\sse_vectorised_functions\release\sse_vect.eaa192e0.tlog\masm.read.1u.tlog
d:\my_c_files\sse_vectorised_functions\sse_vectorised_functions\release\sse_vect.eaa192e0.tlog\masm.write.1u.tlog
d:\my_c_files\sse_vectorised_functions\sse_vectorised_functions\release\sse_vect.eaa192e0.tlog\sse_vectorised_functions.write.1u.tlog
d:\my_c_files\sse_vectorised_functions\sse_vectorised_functions\release\sse_vect.eaa192e0.tlog\sse_vectorised_functions_tests.write.1u.tlog
