C:\Program Files (x86)\Microsoft Visual Studio\2019\Professional\MSBuild\Microsoft\VC\v160\Microsoft.CppBuild.targets(491,5): warning MSB8028: The intermediate directory (Release\) contains files shared from another project (sse_vectorised_functions_tests.vcxproj).  This can lead to incorrect clean and rebuild behavior.
  main.cpp
D:\my_c_files\sse_vectorised_functions\sse_vectorised_functions\external_tests\basic_functions_et.h(29,17): warning C4244: '=': conversion from 'double' to 'float', possible loss of data
D:\my_c_files\sse_vectorised_functions\sse_vectorised_functions\external_tests\basic_functions_et.h(30,14): warning C4244: '=': conversion from 'double' to 'float', possible loss of data
D:\my_c_files\sse_vectorised_functions\sse_vectorised_functions\external_tests\basic_functions_et.h(31,23): warning C4244: '=': conversion from 'double' to 'float', possible loss of data
D:\my_c_files\sse_vectorised_functions\sse_vectorised_functions\external_tests\basic_functions_et.h(32,23): warning C4244: '=': conversion from 'double' to 'float', possible loss of data
D:\my_c_files\sse_vectorised_functions\sse_vectorised_functions\external_tests\basic_functions_et.h(33,16): warning C4244: '=': conversion from 'double' to 'float', possible loss of data
D:\my_c_files\sse_vectorised_functions\sse_vectorised_functions\external_tests\basic_functions_et.h(34,16): warning C4244: '=': conversion from 'double' to 'float', possible loss of data
D:\my_c_files\sse_vectorised_functions\sse_vectorised_functions\external_tests\basic_functions_et.h(35,16): warning C4244: '=': conversion from 'double' to 'float', possible loss of data
D:\my_c_files\sse_vectorised_functions\sse_vectorised_functions\external_tests\basic_functions_et.h(36,23): warning C4244: '=': conversion from 'double' to 'float', possible loss of data
D:\my_c_files\sse_vectorised_functions\sse_vectorised_functions\external_tests\basic_functions_et.h(37,16): warning C4244: '=': conversion from 'double' to 'float', possible loss of data
D:\my_c_files\sse_vectorised_functions\sse_vectorised_functions\external_tests\basic_functions_et.h(38,18): warning C4244: '=': conversion from 'double' to 'float', possible loss of data
D:\my_c_files\sse_vectorised_functions\sse_vectorised_functions\external_tests\basic_functions_et.h(39,24): warning C4244: '=': conversion from 'double' to 'float', possible loss of data
D:\my_c_files\sse_vectorised_functions\sse_vectorised_functions\external_tests\basic_functions_et.h(41,18): warning C4244: '=': conversion from 'double' to 'float', possible loss of data
D:\my_c_files\sse_vectorised_functions\sse_vectorised_functions\external_tests\basic_functions_et.h(43,24): warning C4244: '=': conversion from 'double' to 'float', possible loss of data
D:\my_c_files\sse_vectorised_functions\sse_vectorised_functions\external_tests\basic_functions_et.h(46,17): warning C4244: '=': conversion from 'double' to 'float', possible loss of data
D:\my_c_files\sse_vectorised_functions\sse_vectorised_functions\external_tests\basic_functions_et.h(47,14): warning C4244: '=': conversion from 'double' to 'float', possible loss of data
D:\my_c_files\sse_vectorised_functions\sse_vectorised_functions\external_tests\basic_functions_et.h(48,23): warning C4244: '=': conversion from 'double' to 'float', possible loss of data
D:\my_c_files\sse_vectorised_functions\sse_vectorised_functions\external_tests\basic_functions_et.h(49,23): warning C4244: '=': conversion from 'double' to 'float', possible loss of data
D:\my_c_files\sse_vectorised_functions\sse_vectorised_functions\external_tests\basic_functions_et.h(50,16): warning C4244: '=': conversion from 'double' to 'float', possible loss of data
D:\my_c_files\sse_vectorised_functions\sse_vectorised_functions\external_tests\basic_functions_et.h(51,14): warning C4244: '=': conversion from 'double' to 'float', possible loss of data
D:\my_c_files\sse_vectorised_functions\sse_vectorised_functions\external_tests\basic_functions_et.h(52,16): warning C4244: '=': conversion from 'double' to 'float', possible loss of data
D:\my_c_files\sse_vectorised_functions\sse_vectorised_functions\external_tests\basic_functions_et.h(53,23): warning C4244: '=': conversion from 'double' to 'float', possible loss of data
D:\my_c_files\sse_vectorised_functions\sse_vectorised_functions\external_tests\basic_functions_et.h(54,16): warning C4244: '=': conversion from 'double' to 'float', possible loss of data
D:\my_c_files\sse_vectorised_functions\sse_vectorised_functions\external_tests\basic_functions_et.h(55,18): warning C4244: '=': conversion from 'double' to 'float', possible loss of data
D:\my_c_files\sse_vectorised_functions\sse_vectorised_functions\external_tests\basic_functions_et.h(56,24): warning C4244: '=': conversion from 'double' to 'float', possible loss of data
D:\my_c_files\sse_vectorised_functions\sse_vectorised_functions\external_tests\basic_functions_et.h(58,22): warning C4305: '=': truncation from 'double' to 'float'
D:\my_c_files\sse_vectorised_functions\sse_vectorised_functions\external_tests\basic_functions_et.h(60,24): warning C4244: '=': conversion from 'double' to 'float', possible loss of data
D:\my_c_files\sse_vectorised_functions\sse_vectorised_functions\external_tests\basic_functions_et.h(192,17): warning C4244: '=': conversion from 'double' to 'float', possible loss of data
D:\my_c_files\sse_vectorised_functions\sse_vectorised_functions\external_tests\basic_functions_et.h(193,14): warning C4244: '=': conversion from 'double' to 'float', possible loss of data
D:\my_c_files\sse_vectorised_functions\sse_vectorised_functions\external_tests\basic_functions_et.h(194,23): warning C4244: '=': conversion from 'double' to 'float', possible loss of data
D:\my_c_files\sse_vectorised_functions\sse_vectorised_functions\external_tests\basic_functions_et.h(195,23): warning C4244: '=': conversion from 'double' to 'float', possible loss of data
D:\my_c_files\sse_vectorised_functions\sse_vectorised_functions\external_tests\basic_functions_et.h(196,16): warning C4244: '=': conversion from 'double' to 'float', possible loss of data
D:\my_c_files\sse_vectorised_functions\sse_vectorised_functions\external_tests\basic_functions_et.h(197,16): warning C4244: '=': conversion from 'double' to 'float', possible loss of data
D:\my_c_files\sse_vectorised_functions\sse_vectorised_functions\external_tests\basic_functions_et.h(198,16): warning C4244: '=': conversion from 'double' to 'float', possible loss of data
D:\my_c_files\sse_vectorised_functions\sse_vectorised_functions\external_tests\basic_functions_et.h(199,23): warning C4244: '=': conversion from 'double' to 'float', possible loss of data
D:\my_c_files\sse_vectorised_functions\sse_vectorised_functions\external_tests\basic_functions_et.h(200,16): warning C4244: '=': conversion from 'double' to 'float', possible loss of data
D:\my_c_files\sse_vectorised_functions\sse_vectorised_functions\external_tests\basic_functions_et.h(201,18): warning C4244: '=': conversion from 'double' to 'float', possible loss of data
D:\my_c_files\sse_vectorised_functions\sse_vectorised_functions\external_tests\basic_functions_et.h(202,24): warning C4244: '=': conversion from 'double' to 'float', possible loss of data
D:\my_c_files\sse_vectorised_functions\sse_vectorised_functions\external_tests\basic_functions_et.h(204,18): warning C4244: '=': conversion from 'double' to 'float', possible loss of data
D:\my_c_files\sse_vectorised_functions\sse_vectorised_functions\external_tests\basic_functions_et.h(206,24): warning C4244: '=': conversion from 'double' to 'float', possible loss of data
D:\my_c_files\sse_vectorised_functions\sse_vectorised_functions\external_tests\basic_functions_et.h(209,17): warning C4244: '=': conversion from 'double' to 'float', possible loss of data
D:\my_c_files\sse_vectorised_functions\sse_vectorised_functions\external_tests\basic_functions_et.h(210,14): warning C4244: '=': conversion from 'double' to 'float', possible loss of data
D:\my_c_files\sse_vectorised_functions\sse_vectorised_functions\external_tests\basic_functions_et.h(211,23): warning C4244: '=': conversion from 'double' to 'float', possible loss of data
D:\my_c_files\sse_vectorised_functions\sse_vectorised_functions\external_tests\basic_functions_et.h(212,23): warning C4244: '=': conversion from 'double' to 'float', possible loss of data
D:\my_c_files\sse_vectorised_functions\sse_vectorised_functions\external_tests\basic_functions_et.h(213,16): warning C4244: '=': conversion from 'double' to 'float', possible loss of data
D:\my_c_files\sse_vectorised_functions\sse_vectorised_functions\external_tests\basic_functions_et.h(214,14): warning C4244: '=': conversion from 'double' to 'float', possible loss of data
D:\my_c_files\sse_vectorised_functions\sse_vectorised_functions\external_tests\basic_functions_et.h(215,16): warning C4244: '=': conversion from 'double' to 'float', possible loss of data
D:\my_c_files\sse_vectorised_functions\sse_vectorised_functions\external_tests\basic_functions_et.h(216,23): warning C4244: '=': conversion from 'double' to 'float', possible loss of data
D:\my_c_files\sse_vectorised_functions\sse_vectorised_functions\external_tests\basic_functions_et.h(217,16): warning C4244: '=': conversion from 'double' to 'float', possible loss of data
D:\my_c_files\sse_vectorised_functions\sse_vectorised_functions\external_tests\basic_functions_et.h(218,18): warning C4244: '=': conversion from 'double' to 'float', possible loss of data
D:\my_c_files\sse_vectorised_functions\sse_vectorised_functions\external_tests\basic_functions_et.h(219,24): warning C4244: '=': conversion from 'double' to 'float', possible loss of data
D:\my_c_files\sse_vectorised_functions\sse_vectorised_functions\external_tests\basic_functions_et.h(221,22): warning C4305: '=': truncation from 'double' to 'float'
D:\my_c_files\sse_vectorised_functions\sse_vectorised_functions\external_tests\basic_functions_et.h(223,24): warning C4244: '=': conversion from 'double' to 'float', possible loss of data
D:\my_c_files\sse_vectorised_functions\sse_vectorised_functions\external_tests\basic_functions_et.h(417,17): warning C4244: '=': conversion from 'double' to 'float', possible loss of data
D:\my_c_files\sse_vectorised_functions\sse_vectorised_functions\external_tests\basic_functions_et.h(418,14): warning C4244: '=': conversion from 'double' to 'float', possible loss of data
D:\my_c_files\sse_vectorised_functions\sse_vectorised_functions\external_tests\basic_functions_et.h(419,23): warning C4244: '=': conversion from 'double' to 'float', possible loss of data
D:\my_c_files\sse_vectorised_functions\sse_vectorised_functions\external_tests\basic_functions_et.h(420,23): warning C4244: '=': conversion from 'double' to 'float', possible loss of data
D:\my_c_files\sse_vectorised_functions\sse_vectorised_functions\external_tests\basic_functions_et.h(421,16): warning C4244: '=': conversion from 'double' to 'float', possible loss of data
D:\my_c_files\sse_vectorised_functions\sse_vectorised_functions\external_tests\basic_functions_et.h(422,16): warning C4244: '=': conversion from 'double' to 'float', possible loss of data
D:\my_c_files\sse_vectorised_functions\sse_vectorised_functions\external_tests\basic_functions_et.h(423,16): warning C4244: '=': conversion from 'double' to 'float', possible loss of data
D:\my_c_files\sse_vectorised_functions\sse_vectorised_functions\external_tests\basic_functions_et.h(424,23): warning C4244: '=': conversion from 'double' to 'float', possible loss of data
D:\my_c_files\sse_vectorised_functions\sse_vectorised_functions\external_tests\basic_functions_et.h(425,16): warning C4244: '=': conversion from 'double' to 'float', possible loss of data
D:\my_c_files\sse_vectorised_functions\sse_vectorised_functions\external_tests\basic_functions_et.h(426,18): warning C4244: '=': conversion from 'double' to 'float', possible loss of data
D:\my_c_files\sse_vectorised_functions\sse_vectorised_functions\external_tests\basic_functions_et.h(427,24): warning C4244: '=': conversion from 'double' to 'float', possible loss of data
D:\my_c_files\sse_vectorised_functions\sse_vectorised_functions\external_tests\basic_functions_et.h(429,18): warning C4244: '=': conversion from 'double' to 'float', possible loss of data
D:\my_c_files\sse_vectorised_functions\sse_vectorised_functions\external_tests\basic_functions_et.h(431,24): warning C4244: '=': conversion from 'double' to 'float', possible loss of data
D:\my_c_files\sse_vectorised_functions\sse_vectorised_functions\external_tests\basic_functions_et.h(543,17): warning C4244: '=': conversion from 'double' to 'float', possible loss of data
D:\my_c_files\sse_vectorised_functions\sse_vectorised_functions\external_tests\basic_functions_et.h(544,12): warning C4244: '=': conversion from 'double' to 'float', possible loss of data
D:\my_c_files\sse_vectorised_functions\sse_vectorised_functions\external_tests\basic_functions_et.h(545,24): warning C4244: '=': conversion from 'double' to 'float', possible loss of data
D:\my_c_files\sse_vectorised_functions\sse_vectorised_functions\external_tests\basic_functions_et.h(546,25): warning C4244: '=': conversion from 'double' to 'float', possible loss of data
D:\my_c_files\sse_vectorised_functions\sse_vectorised_functions\external_tests\basic_functions_et.h(547,17): warning C4244: '=': conversion from 'double' to 'float', possible loss of data
D:\my_c_files\sse_vectorised_functions\sse_vectorised_functions\external_tests\basic_functions_et.h(548,17): warning C4244: '=': conversion from 'double' to 'float', possible loss of data
D:\my_c_files\sse_vectorised_functions\sse_vectorised_functions\external_tests\basic_functions_et.h(549,17): warning C4244: '=': conversion from 'double' to 'float', possible loss of data
D:\my_c_files\sse_vectorised_functions\sse_vectorised_functions\external_tests\basic_functions_et.h(550,24): warning C4244: '=': conversion from 'double' to 'float', possible loss of data
D:\my_c_files\sse_vectorised_functions\sse_vectorised_functions\external_tests\basic_functions_et.h(551,18): warning C4244: '=': conversion from 'double' to 'float', possible loss of data
D:\my_c_files\sse_vectorised_functions\sse_vectorised_functions\external_tests\basic_functions_et.h(552,19): warning C4244: '=': conversion from 'double' to 'float', possible loss of data
D:\my_c_files\sse_vectorised_functions\sse_vectorised_functions\external_tests\basic_functions_et.h(553,25): warning C4244: '=': conversion from 'double' to 'float', possible loss of data
D:\my_c_files\sse_vectorised_functions\sse_vectorised_functions\external_tests\basic_functions_et.h(555,18): warning C4244: '=': conversion from 'double' to 'float', possible loss of data
D:\my_c_files\sse_vectorised_functions\sse_vectorised_functions\external_tests\basic_functions_et.h(557,25): warning C4244: '=': conversion from 'double' to 'float', possible loss of data
D:\my_c_files\sse_vectorised_functions\sse_vectorised_functions\external_tests\basic_functions_et.h(670,17): warning C4244: '=': conversion from 'double' to 'float', possible loss of data
D:\my_c_files\sse_vectorised_functions\sse_vectorised_functions\external_tests\basic_functions_et.h(671,14): warning C4244: '=': conversion from 'double' to 'float', possible loss of data
D:\my_c_files\sse_vectorised_functions\sse_vectorised_functions\external_tests\basic_functions_et.h(672,23): warning C4244: '=': conversion from 'double' to 'float', possible loss of data
D:\my_c_files\sse_vectorised_functions\sse_vectorised_functions\external_tests\basic_functions_et.h(673,23): warning C4244: '=': conversion from 'double' to 'float', possible loss of data
D:\my_c_files\sse_vectorised_functions\sse_vectorised_functions\external_tests\basic_functions_et.h(674,16): warning C4244: '=': conversion from 'double' to 'float', possible loss of data
D:\my_c_files\sse_vectorised_functions\sse_vectorised_functions\external_tests\basic_functions_et.h(675,16): warning C4244: '=': conversion from 'double' to 'float', possible loss of data
D:\my_c_files\sse_vectorised_functions\sse_vectorised_functions\external_tests\basic_functions_et.h(676,16): warning C4244: '=': conversion from 'double' to 'float', possible loss of data
D:\my_c_files\sse_vectorised_functions\sse_vectorised_functions\external_tests\basic_functions_et.h(677,23): warning C4244: '=': conversion from 'double' to 'float', possible loss of data
D:\my_c_files\sse_vectorised_functions\sse_vectorised_functions\external_tests\basic_functions_et.h(678,16): warning C4244: '=': conversion from 'double' to 'float', possible loss of data
D:\my_c_files\sse_vectorised_functions\sse_vectorised_functions\external_tests\basic_functions_et.h(679,18): warning C4244: '=': conversion from 'double' to 'float', possible loss of data
D:\my_c_files\sse_vectorised_functions\sse_vectorised_functions\external_tests\basic_functions_et.h(680,24): warning C4244: '=': conversion from 'double' to 'float', possible loss of data
D:\my_c_files\sse_vectorised_functions\sse_vectorised_functions\external_tests\basic_functions_et.h(682,18): warning C4244: '=': conversion from 'double' to 'float', possible loss of data
D:\my_c_files\sse_vectorised_functions\sse_vectorised_functions\external_tests\basic_functions_et.h(684,24): warning C4244: '=': conversion from 'double' to 'float', possible loss of data
D:\my_c_files\sse_vectorised_functions\sse_vectorised_functions\external_tests\basic_functions_et.h(694,22): warning C4244: '=': conversion from 'double' to 'float', possible loss of data
D:\my_c_files\sse_vectorised_functions\sse_vectorised_functions\external_tests\basic_operations_et.h(27,14): warning C4244: '=': conversion from 'double' to 'float', possible loss of data
D:\my_c_files\sse_vectorised_functions\sse_vectorised_functions\external_tests\basic_operations_et.h(28,11): warning C4244: '=': conversion from 'double' to 'float', possible loss of data
D:\my_c_files\sse_vectorised_functions\sse_vectorised_functions\external_tests\basic_operations_et.h(29,20): warning C4244: '=': conversion from 'double' to 'float', possible loss of data
D:\my_c_files\sse_vectorised_functions\sse_vectorised_functions\external_tests\basic_operations_et.h(30,20): warning C4244: '=': conversion from 'double' to 'float', possible loss of data
D:\my_c_files\sse_vectorised_functions\sse_vectorised_functions\external_tests\basic_operations_et.h(31,13): warning C4244: '=': conversion from 'double' to 'float', possible loss of data
D:\my_c_files\sse_vectorised_functions\sse_vectorised_functions\external_tests\basic_operations_et.h(32,13): warning C4244: '=': conversion from 'double' to 'float', possible loss of data
D:\my_c_files\sse_vectorised_functions\sse_vectorised_functions\external_tests\basic_operations_et.h(33,13): warning C4244: '=': conversion from 'double' to 'float', possible loss of data
D:\my_c_files\sse_vectorised_functions\sse_vectorised_functions\external_tests\basic_operations_et.h(34,20): warning C4244: '=': conversion from 'double' to 'float', possible loss of data
D:\my_c_files\sse_vectorised_functions\sse_vectorised_functions\external_tests\basic_operations_et.h(35,14): warning C4244: '=': conversion from 'double' to 'float', possible loss of data
D:\my_c_files\sse_vectorised_functions\sse_vectorised_functions\external_tests\basic_operations_et.h(36,16): warning C4244: '=': conversion from 'double' to 'float', possible loss of data
D:\my_c_files\sse_vectorised_functions\sse_vectorised_functions\external_tests\basic_operations_et.h(37,21): warning C4244: '=': conversion from 'double' to 'float', possible loss of data
D:\my_c_files\sse_vectorised_functions\sse_vectorised_functions\external_tests\basic_operations_et.h(39,15): warning C4244: '=': conversion from 'double' to 'float', possible loss of data
D:\my_c_files\sse_vectorised_functions\sse_vectorised_functions\external_tests\basic_operations_et.h(41,21): warning C4244: '=': conversion from 'double' to 'float', possible loss of data
D:\my_c_files\sse_vectorised_functions\sse_vectorised_functions\external_tests\basic_operations_et.h(51,17): warning C4244: '=': conversion from 'double' to 'float', possible loss of data
D:\my_c_files\sse_vectorised_functions\sse_vectorised_functions\external_tests\basic_operations_et.h(146,14): warning C4244: '=': conversion from 'double' to 'float', possible loss of data
D:\my_c_files\sse_vectorised_functions\sse_vectorised_functions\external_tests\basic_operations_et.h(147,11): warning C4244: '=': conversion from 'double' to 'float', possible loss of data
D:\my_c_files\sse_vectorised_functions\sse_vectorised_functions\external_tests\basic_operations_et.h(148,20): warning C4244: '=': conversion from 'double' to 'float', possible loss of data
D:\my_c_files\sse_vectorised_functions\sse_vectorised_functions\external_tests\basic_operations_et.h(149,20): warning C4244: '=': conversion from 'double' to 'float', possible loss of data
D:\my_c_files\sse_vectorised_functions\sse_vectorised_functions\external_tests\basic_operations_et.h(150,13): warning C4244: '=': conversion from 'double' to 'float', possible loss of data
D:\my_c_files\sse_vectorised_functions\sse_vectorised_functions\external_tests\basic_operations_et.h(151,13): warning C4244: '=': conversion from 'double' to 'float', possible loss of data
D:\my_c_files\sse_vectorised_functions\sse_vectorised_functions\external_tests\basic_operations_et.h(152,13): warning C4244: '=': conversion from 'double' to 'float', possible loss of data
D:\my_c_files\sse_vectorised_functions\sse_vectorised_functions\external_tests\basic_operations_et.h(153,20): warning C4244: '=': conversion from 'double' to 'float', possible loss of data
D:\my_c_files\sse_vectorised_functions\sse_vectorised_functions\external_tests\basic_operations_et.h(154,14): warning C4244: '=': conversion from 'double' to 'float', possible loss of data
D:\my_c_files\sse_vectorised_functions\sse_vectorised_functions\external_tests\basic_operations_et.h(155,16): warning C4244: '=': conversion from 'double' to 'float', possible loss of data
D:\my_c_files\sse_vectorised_functions\sse_vectorised_functions\external_tests\basic_operations_et.h(156,21): warning C4244: '=': conversion from 'double' to 'float', possible loss of data
D:\my_c_files\sse_vectorised_functions\sse_vectorised_functions\external_tests\basic_operations_et.h(158,15): warning C4244: '=': conversion from 'double' to 'float', possible loss of data
D:\my_c_files\sse_vectorised_functions\sse_vectorised_functions\external_tests\basic_operations_et.h(160,21): warning C4244: '=': conversion from 'double' to 'float', possible loss of data
D:\my_c_files\sse_vectorised_functions\sse_vectorised_functions\external_tests\basic_operations_et.h(170,18): warning C4244: '=': conversion from 'double' to 'float', possible loss of data
D:\my_c_files\sse_vectorised_functions\sse_vectorised_functions\external_tests\exp_functions_et.h(88,14): warning C4244: '=': conversion from 'double' to 'float', possible loss of data
D:\my_c_files\sse_vectorised_functions\sse_vectorised_functions\external_tests\exp_functions_et.h(89,11): warning C4244: '=': conversion from 'double' to 'float', possible loss of data
D:\my_c_files\sse_vectorised_functions\sse_vectorised_functions\external_tests\exp_functions_et.h(90,21): warning C4244: '=': conversion from 'double' to 'float', possible loss of data
D:\my_c_files\sse_vectorised_functions\sse_vectorised_functions\external_tests\exp_functions_et.h(91,21): warning C4244: '=': conversion from 'double' to 'float', possible loss of data
D:\my_c_files\sse_vectorised_functions\sse_vectorised_functions\external_tests\exp_functions_et.h(92,14): warning C4244: '=': conversion from 'double' to 'float', possible loss of data
D:\my_c_files\sse_vectorised_functions\sse_vectorised_functions\external_tests\exp_functions_et.h(93,14): warning C4244: '=': conversion from 'double' to 'float', possible loss of data
D:\my_c_files\sse_vectorised_functions\sse_vectorised_functions\external_tests\exp_functions_et.h(94,14): warning C4244: '=': conversion from 'double' to 'float', possible loss of data
D:\my_c_files\sse_vectorised_functions\sse_vectorised_functions\external_tests\exp_functions_et.h(95,21): warning C4244: '=': conversion from 'double' to 'float', possible loss of data
D:\my_c_files\sse_vectorised_functions\sse_vectorised_functions\external_tests\exp_functions_et.h(96,15): warning C4244: '=': conversion from 'double' to 'float', possible loss of data
D:\my_c_files\sse_vectorised_functions\sse_vectorised_functions\external_tests\exp_functions_et.h(97,16): warning C4244: '=': conversion from 'double' to 'float', possible loss of data
D:\my_c_files\sse_vectorised_functions\sse_vectorised_functions\external_tests\exp_functions_et.h(98,22): warning C4244: '=': conversion from 'double' to 'float', possible loss of data
D:\my_c_files\sse_vectorised_functions\sse_vectorised_functions\external_tests\exp_functions_et.h(100,15): warning C4244: '=': conversion from 'double' to 'float', possible loss of data
D:\my_c_files\sse_vectorised_functions\sse_vectorised_functions\external_tests\exp_functions_et.h(102,22): warning C4244: '=': conversion from 'double' to 'float', possible loss of data
D:\my_c_files\sse_vectorised_functions\sse_vectorised_functions\external_tests\exp_functions_et.h(205,14): warning C4244: '=': conversion from 'double' to 'float', possible loss of data
D:\my_c_files\sse_vectorised_functions\sse_vectorised_functions\external_tests\exp_functions_et.h(206,11): warning C4244: '=': conversion from 'double' to 'float', possible loss of data
D:\my_c_files\sse_vectorised_functions\sse_vectorised_functions\external_tests\exp_functions_et.h(207,21): warning C4244: '=': conversion from 'double' to 'float', possible loss of data
D:\my_c_files\sse_vectorised_functions\sse_vectorised_functions\external_tests\exp_functions_et.h(208,21): warning C4244: '=': conversion from 'double' to 'float', possible loss of data
D:\my_c_files\sse_vectorised_functions\sse_vectorised_functions\external_tests\exp_functions_et.h(209,14): warning C4244: '=': conversion from 'double' to 'float', possible loss of data
D:\my_c_files\sse_vectorised_functions\sse_vectorised_functions\external_tests\exp_functions_et.h(210,14): warning C4244: '=': conversion from 'double' to 'float', possible loss of data
D:\my_c_files\sse_vectorised_functions\sse_vectorised_functions\external_tests\exp_functions_et.h(211,14): warning C4244: '=': conversion from 'double' to 'float', possible loss of data
D:\my_c_files\sse_vectorised_functions\sse_vectorised_functions\external_tests\exp_functions_et.h(212,21): warning C4244: '=': conversion from 'double' to 'float', possible loss of data
D:\my_c_files\sse_vectorised_functions\sse_vectorised_functions\external_tests\exp_functions_et.h(213,15): warning C4244: '=': conversion from 'double' to 'float', possible loss of data
D:\my_c_files\sse_vectorised_functions\sse_vectorised_functions\external_tests\exp_functions_et.h(214,16): warning C4244: '=': conversion from 'double' to 'float', possible loss of data
D:\my_c_files\sse_vectorised_functions\sse_vectorised_functions\external_tests\exp_functions_et.h(215,22): warning C4244: '=': conversion from 'double' to 'float', possible loss of data
D:\my_c_files\sse_vectorised_functions\sse_vectorised_functions\external_tests\exp_functions_et.h(217,15): warning C4244: '=': conversion from 'double' to 'float', possible loss of data
D:\my_c_files\sse_vectorised_functions\sse_vectorised_functions\external_tests\exp_functions_et.h(219,22): warning C4244: '=': conversion from 'double' to 'float', possible loss of data
D:\my_c_files\sse_vectorised_functions\sse_vectorised_functions\external_tests\log_functions_et.h(28,14): warning C4244: '=': conversion from 'double' to 'float', possible loss of data
D:\my_c_files\sse_vectorised_functions\sse_vectorised_functions\external_tests\log_functions_et.h(29,11): warning C4244: '=': conversion from 'double' to 'float', possible loss of data
D:\my_c_files\sse_vectorised_functions\sse_vectorised_functions\external_tests\log_functions_et.h(30,21): warning C4244: '=': conversion from 'double' to 'float', possible loss of data
D:\my_c_files\sse_vectorised_functions\sse_vectorised_functions\external_tests\log_functions_et.h(31,21): warning C4244: '=': conversion from 'double' to 'float', possible loss of data
D:\my_c_files\sse_vectorised_functions\sse_vectorised_functions\external_tests\log_functions_et.h(32,14): warning C4244: '=': conversion from 'double' to 'float', possible loss of data
D:\my_c_files\sse_vectorised_functions\sse_vectorised_functions\external_tests\log_functions_et.h(33,14): warning C4244: '=': conversion from 'double' to 'float', possible loss of data
D:\my_c_files\sse_vectorised_functions\sse_vectorised_functions\external_tests\log_functions_et.h(34,14): warning C4244: '=': conversion from 'double' to 'float', possible loss of data
D:\my_c_files\sse_vectorised_functions\sse_vectorised_functions\external_tests\log_functions_et.h(35,21): warning C4244: '=': conversion from 'double' to 'float', possible loss of data
D:\my_c_files\sse_vectorised_functions\sse_vectorised_functions\external_tests\log_functions_et.h(36,15): warning C4244: '=': conversion from 'double' to 'float', possible loss of data
D:\my_c_files\sse_vectorised_functions\sse_vectorised_functions\external_tests\log_functions_et.h(37,16): warning C4244: '=': conversion from 'double' to 'float', possible loss of data
D:\my_c_files\sse_vectorised_functions\sse_vectorised_functions\external_tests\log_functions_et.h(38,22): warning C4244: '=': conversion from 'double' to 'float', possible loss of data
D:\my_c_files\sse_vectorised_functions\sse_vectorised_functions\external_tests\log_functions_et.h(40,15): warning C4244: '=': conversion from 'double' to 'float', possible loss of data
D:\my_c_files\sse_vectorised_functions\sse_vectorised_functions\external_tests\log_functions_et.h(42,22): warning C4244: '=': conversion from 'double' to 'float', possible loss of data
D:\my_c_files\sse_vectorised_functions\sse_vectorised_functions\external_tests\normal_dist_functions_et.h(20,25): warning C4244: 'initializing': conversion from 'double' to 'float', possible loss of data
D:\my_c_files\sse_vectorised_functions\sse_vectorised_functions\external_tests\normal_dist_functions_et.h(20,18): warning C4244: 'initializing': conversion from 'double' to 'const float', possible loss of data
D:\my_c_files\sse_vectorised_functions\sse_vectorised_functions\external_tests\normal_dist_functions_et.h(110,14): warning C4244: '=': conversion from 'double' to 'float', possible loss of data
D:\my_c_files\sse_vectorised_functions\sse_vectorised_functions\external_tests\normal_dist_functions_et.h(111,11): warning C4244: '=': conversion from 'double' to 'float', possible loss of data
D:\my_c_files\sse_vectorised_functions\sse_vectorised_functions\external_tests\normal_dist_functions_et.h(112,21): warning C4244: '=': conversion from 'double' to 'float', possible loss of data
D:\my_c_files\sse_vectorised_functions\sse_vectorised_functions\external_tests\normal_dist_functions_et.h(113,21): warning C4244: '=': conversion from 'double' to 'float', possible loss of data
D:\my_c_files\sse_vectorised_functions\sse_vectorised_functions\external_tests\normal_dist_functions_et.h(114,14): warning C4244: '=': conversion from 'double' to 'float', possible loss of data
D:\my_c_files\sse_vectorised_functions\sse_vectorised_functions\external_tests\normal_dist_functions_et.h(115,14): warning C4244: '=': conversion from 'double' to 'float', possible loss of data
D:\my_c_files\sse_vectorised_functions\sse_vectorised_functions\external_tests\normal_dist_functions_et.h(116,14): warning C4244: '=': conversion from 'double' to 'float', possible loss of data
D:\my_c_files\sse_vectorised_functions\sse_vectorised_functions\external_tests\normal_dist_functions_et.h(117,21): warning C4244: '=': conversion from 'double' to 'float', possible loss of data
D:\my_c_files\sse_vectorised_functions\sse_vectorised_functions\external_tests\normal_dist_functions_et.h(118,15): warning C4244: '=': conversion from 'double' to 'float', possible loss of data
D:\my_c_files\sse_vectorised_functions\sse_vectorised_functions\external_tests\normal_dist_functions_et.h(119,16): warning C4244: '=': conversion from 'double' to 'float', possible loss of data
D:\my_c_files\sse_vectorised_functions\sse_vectorised_functions\external_tests\normal_dist_functions_et.h(120,22): warning C4244: '=': conversion from 'double' to 'float', possible loss of data
D:\my_c_files\sse_vectorised_functions\sse_vectorised_functions\external_tests\normal_dist_functions_et.h(122,15): warning C4244: '=': conversion from 'double' to 'float', possible loss of data
D:\my_c_files\sse_vectorised_functions\sse_vectorised_functions\external_tests\normal_dist_functions_et.h(124,22): warning C4244: '=': conversion from 'double' to 'float', possible loss of data
D:\my_c_files\sse_vectorised_functions\sse_vectorised_functions\external_tests\normal_dist_functions_et.h(157,25): warning C4244: 'initializing': conversion from 'double' to 'float', possible loss of data
D:\my_c_files\sse_vectorised_functions\sse_vectorised_functions\external_tests\normal_dist_functions_et.h(157,18): warning C4244: 'initializing': conversion from 'double' to 'const float', possible loss of data
D:\my_c_files\sse_vectorised_functions\sse_vectorised_functions\external_tests\normal_dist_functions_et.h(239,14): warning C4244: '=': conversion from 'double' to 'float', possible loss of data
D:\my_c_files\sse_vectorised_functions\sse_vectorised_functions\external_tests\normal_dist_functions_et.h(240,11): warning C4244: '=': conversion from 'double' to 'float', possible loss of data
D:\my_c_files\sse_vectorised_functions\sse_vectorised_functions\external_tests\normal_dist_functions_et.h(241,21): warning C4244: '=': conversion from 'double' to 'float', possible loss of data
D:\my_c_files\sse_vectorised_functions\sse_vectorised_functions\external_tests\normal_dist_functions_et.h(242,21): warning C4244: '=': conversion from 'double' to 'float', possible loss of data
D:\my_c_files\sse_vectorised_functions\sse_vectorised_functions\external_tests\normal_dist_functions_et.h(243,14): warning C4244: '=': conversion from 'double' to 'float', possible loss of data
D:\my_c_files\sse_vectorised_functions\sse_vectorised_functions\external_tests\normal_dist_functions_et.h(244,14): warning C4244: '=': conversion from 'double' to 'float', possible loss of data
D:\my_c_files\sse_vectorised_functions\sse_vectorised_functions\external_tests\normal_dist_functions_et.h(245,14): warning C4244: '=': conversion from 'double' to 'float', possible loss of data
D:\my_c_files\sse_vectorised_functions\sse_vectorised_functions\external_tests\normal_dist_functions_et.h(246,21): warning C4244: '=': conversion from 'double' to 'float', possible loss of data
D:\my_c_files\sse_vectorised_functions\sse_vectorised_functions\external_tests\normal_dist_functions_et.h(247,15): warning C4244: '=': conversion from 'double' to 'float', possible loss of data
D:\my_c_files\sse_vectorised_functions\sse_vectorised_functions\external_tests\normal_dist_functions_et.h(248,16): warning C4244: '=': conversion from 'double' to 'float', possible loss of data
D:\my_c_files\sse_vectorised_functions\sse_vectorised_functions\external_tests\normal_dist_functions_et.h(249,22): warning C4244: '=': conversion from 'double' to 'float', possible loss of data
D:\my_c_files\sse_vectorised_functions\sse_vectorised_functions\external_tests\normal_dist_functions_et.h(251,15): warning C4244: '=': conversion from 'double' to 'float', possible loss of data
D:\my_c_files\sse_vectorised_functions\sse_vectorised_functions\external_tests\normal_dist_functions_et.h(253,22): warning C4244: '=': conversion from 'double' to 'float', possible loss of data
D:\my_c_files\sse_vectorised_functions\sse_vectorised_functions\external_tests\trig_functions_et.h(264,14): warning C4244: '=': conversion from 'double' to 'float', possible loss of data
D:\my_c_files\sse_vectorised_functions\sse_vectorised_functions\external_tests\trig_functions_et.h(265,11): warning C4244: '=': conversion from 'double' to 'float', possible loss of data
D:\my_c_files\sse_vectorised_functions\sse_vectorised_functions\external_tests\trig_functions_et.h(266,21): warning C4244: '=': conversion from 'double' to 'float', possible loss of data
D:\my_c_files\sse_vectorised_functions\sse_vectorised_functions\external_tests\trig_functions_et.h(267,21): warning C4244: '=': conversion from 'double' to 'float', possible loss of data
D:\my_c_files\sse_vectorised_functions\sse_vectorised_functions\external_tests\trig_functions_et.h(268,14): warning C4244: '=': conversion from 'double' to 'float', possible loss of data
D:\my_c_files\sse_vectorised_functions\sse_vectorised_functions\external_tests\trig_functions_et.h(269,14): warning C4244: '=': conversion from 'double' to 'float', possible loss of data
D:\my_c_files\sse_vectorised_functions\sse_vectorised_functions\external_tests\trig_functions_et.h(270,14): warning C4244: '=': conversion from 'double' to 'float', possible loss of data
D:\my_c_files\sse_vectorised_functions\sse_vectorised_functions\external_tests\trig_functions_et.h(271,21): warning C4244: '=': conversion from 'double' to 'float', possible loss of data
D:\my_c_files\sse_vectorised_functions\sse_vectorised_functions\external_tests\trig_functions_et.h(272,15): warning C4244: '=': conversion from 'double' to 'float', possible loss of data
D:\my_c_files\sse_vectorised_functions\sse_vectorised_functions\external_tests\trig_functions_et.h(273,16): warning C4244: '=': conversion from 'double' to 'float', possible loss of data
D:\my_c_files\sse_vectorised_functions\sse_vectorised_functions\external_tests\trig_functions_et.h(274,22): warning C4244: '=': conversion from 'double' to 'float', possible loss of data
D:\my_c_files\sse_vectorised_functions\sse_vectorised_functions\external_tests\trig_functions_et.h(276,15): warning C4244: '=': conversion from 'double' to 'float', possible loss of data
D:\my_c_files\sse_vectorised_functions\sse_vectorised_functions\external_tests\trig_functions_et.h(278,22): warning C4244: '=': conversion from 'double' to 'float', possible loss of data
D:\my_c_files\sse_vectorised_functions\sse_vectorised_functions\external_tests\trig_functions_et.h(322,14): warning C4244: '=': conversion from 'double' to 'float', possible loss of data
D:\my_c_files\sse_vectorised_functions\sse_vectorised_functions\external_tests\trig_functions_et.h(323,11): warning C4244: '=': conversion from 'double' to 'float', possible loss of data
D:\my_c_files\sse_vectorised_functions\sse_vectorised_functions\external_tests\trig_functions_et.h(324,21): warning C4244: '=': conversion from 'double' to 'float', possible loss of data
D:\my_c_files\sse_vectorised_functions\sse_vectorised_functions\external_tests\trig_functions_et.h(325,21): warning C4244: '=': conversion from 'double' to 'float', possible loss of data
D:\my_c_files\sse_vectorised_functions\sse_vectorised_functions\external_tests\trig_functions_et.h(326,14): warning C4244: '=': conversion from 'double' to 'float', possible loss of data
D:\my_c_files\sse_vectorised_functions\sse_vectorised_functions\external_tests\trig_functions_et.h(327,14): warning C4244: '=': conversion from 'double' to 'float', possible loss of data
D:\my_c_files\sse_vectorised_functions\sse_vectorised_functions\external_tests\trig_functions_et.h(328,14): warning C4244: '=': conversion from 'double' to 'float', possible loss of data
D:\my_c_files\sse_vectorised_functions\sse_vectorised_functions\external_tests\trig_functions_et.h(329,21): warning C4244: '=': conversion from 'double' to 'float', possible loss of data
D:\my_c_files\sse_vectorised_functions\sse_vectorised_functions\external_tests\trig_functions_et.h(330,15): warning C4244: '=': conversion from 'double' to 'float', possible loss of data
D:\my_c_files\sse_vectorised_functions\sse_vectorised_functions\external_tests\trig_functions_et.h(331,16): warning C4244: '=': conversion from 'double' to 'float', possible loss of data
D:\my_c_files\sse_vectorised_functions\sse_vectorised_functions\external_tests\trig_functions_et.h(332,22): warning C4244: '=': conversion from 'double' to 'float', possible loss of data
D:\my_c_files\sse_vectorised_functions\sse_vectorised_functions\external_tests\trig_functions_et.h(334,15): warning C4244: '=': conversion from 'double' to 'float', possible loss of data
D:\my_c_files\sse_vectorised_functions\sse_vectorised_functions\external_tests\trig_functions_et.h(336,22): warning C4244: '=': conversion from 'double' to 'float', possible loss of data
D:\my_c_files\sse_vectorised_functions\sse_vectorised_functions\external_tests\trig_functions_et.h(345,16): warning C4244: '=': conversion from 'double' to 'float', possible loss of data
  Generating code
  2 of 25 functions ( 8.0%) were compiled, the rest were copied from previous compilation.
    0 functions were new in current compilation
    0 functions had inline decision re-evaluated but remain unchanged
  Finished generating code
  sse_vectorised_functions.vcxproj -> D:\my_c_files\sse_vectorised_functions\sse_vectorised_functions\Release\sse_vectorised_functions.exe
